{"/Users/duyansong/Desktop/jest/task1.js": {"path":"/Users/duyansong/Desktop/jest/task1.js","statementMap":{"0":{"start":{"line":2,"column":4},"end":{"line":2,"column":37}},"1":{"start":{"line":6,"column":4},"end":{"line":6,"column":39}},"2":{"start":{"line":9,"column":0},"end":{"line":11,"column":2}}},"fnMap":{"0":{"name":"baojian1","decl":{"start":{"line":1,"column":9},"end":{"line":1,"column":17}},"loc":{"start":{"line":1,"column":25},"end":{"line":3,"column":1}},"line":1},"1":{"name":"baojian2","decl":{"start":{"line":5,"column":9},"end":{"line":5,"column":17}},"loc":{"start":{"line":5,"column":25},"end":{"line":7,"column":1}},"line":5}},"branchMap":{"0":{"loc":{"start":{"line":2,"column":11},"end":{"line":2,"column":36}},"type":"cond-expr","locations":[{"start":{"line":2,"column":26},"end":{"line":2,"column":29}},{"start":{"line":2,"column":32},"end":{"line":2,"column":36}}],"line":2},"1":{"loc":{"start":{"line":6,"column":11},"end":{"line":6,"column":38}},"type":"cond-expr","locations":[{"start":{"line":6,"column":27},"end":{"line":6,"column":31}},{"start":{"line":6,"column":34},"end":{"line":6,"column":38}}],"line":6}},"s":{"0":1,"1":1,"2":1},"f":{"0":1,"1":1},"b":{"0":[1,0],"1":[1,0]},"_coverageSchema":"43e27e138ebf9cfc5966b082cf9a028302ed4184","hash":"e296a055d1101df4457484cecd91c329bb93e2a1"}
}
